# JRE version: OpenJDK Runtime Environment (8.0_242-b01) (build 1.8.0_242-release-1644-b01)
# Java VM: OpenJDK 64-Bit Server VM (25.242-b01 mixed mode windows-amd64 compressed oops)
Heap:
 PSYoungGen      total 273920K, used 109289K [0x00000000d5580000, 0x00000000e8180000, 0x0000000100000000)
  eden space 245760K, 33% used [0x00000000d5580000,0x00000000da4bf040,0x00000000e4580000)
  from space 28160K, 99% used [0x00000000e4580000,0x00000000e60fb5f0,0x00000000e6100000)
  to   space 22016K, 0% used [0x00000000e6100000,0x00000000e6100000,0x00000000e7680000)
 ParOldGen       total 134144K, used 66568K [0x0000000080000000, 0x0000000088300000, 0x00000000d5580000)
  object space 134144K, 49% used [0x0000000080000000,0x00000000841023c8,0x0000000088300000)
 Metaspace       used 80456K, capacity 85122K, committed 85336K, reserved 1122304K
  class space    used 11262K, capacity 12140K, committed 12160K, reserved 1048576K
GC Heap History (10 events):
Event: 16.295 GC heap before
{Heap before GC invocations=12 (full 2):
 PSYoungGen      total 208896K, used 81404K [0x00000000d5580000, 0x00000000e4880000, 0x0000000100000000)
  eden space 197632K, 35% used [0x00000000d5580000,0x00000000d9a07050,0x00000000e1680000)
  from space 11264K, 99% used [0x00000000e1680000,0x00000000e2178050,0x00000000e2180000)
  to   space 17920K, 0% used [0x00000000e3700000,0x00000000e3700000,0x00000000e4880000)
 ParOldGen       total 134144K, used 29232K [0x0000000080000000, 0x0000000088300000, 0x00000000d5580000)
  object space 134144K, 21% used [0x0000000080000000,0x0000000081c8c360,0x0000000088300000)
 Metaspace       used 56425K, capacity 58870K, committed 59028K, reserved 1099776K
  class space    used 7709K, capacity 8179K, committed 8192K, reserved 1048576K
Event: 16.321 GC heap after
Heap after GC invocations=12 (full 2):
 PSYoungGen      total 228864K, used 17891K [0x00000000d5580000, 0x00000000e7900000, 0x0000000100000000)
  eden space 210944K, 0% used [0x00000000d5580000,0x00000000d5580000,0x00000000e2380000)
  from space 17920K, 99% used [0x00000000e3700000,0x00000000e4878e90,0x00000000e4880000)
  to   space 19968K, 0% used [0x00000000e2380000,0x00000000e2380000,0x00000000e3700000)
 ParOldGen       total 134144K, used 29240K [0x0000000080000000, 0x0000000088300000, 0x00000000d5580000)
  object space 134144K, 21% used [0x0000000080000000,0x0000000081c8e360,0x0000000088300000)
 Metaspace       used 56425K, capacity 58870K, committed 59028K, reserved 1099776K
  class space    used 7709K, capacity 8179K, committed 8192K, reserved 1048576K
}
Event: 16.321 GC heap before
{Heap before GC invocations=13 (full 3):
 PSYoungGen      total 228864K, used 17891K [0x00000000d5580000, 0x00000000e7900000, 0x0000000100000000)
  eden space 210944K, 0% used [0x00000000d5580000,0x00000000d5580000,0x00000000e2380000)
  from space 17920K, 99% used [0x00000000e3700000,0x00000000e4878e90,0x00000000e4880000)
  to   space 19968K, 0% used [0x00000000e2380000,0x00000000e2380000,0x00000000e3700000)
 ParOldGen       total 134144K, used 29240K [0x0000000080000000, 0x0000000088300000, 0x00000000d5580000)
  object space 134144K, 21% used [0x0000000080000000,0x0000000081c8e360,0x0000000088300000)
 Metaspace       used 56425K, capacity 58870K, committed 59028K, reserved 1099776K
  class space    used 7709K, capacity 8179K, committed 8192K, reserved 1048576K
Event: 16.634 GC heap after
Heap after GC invocations=13 (full 3):
 PSYoungGen      total 228864K, used 0K [0x00000000d5580000, 0x00000000e7900000, 0x0000000100000000)
  eden space 210944K, 0% used [0x00000000d5580000,0x00000000d5580000,0x00000000e2380000)
  from space 17920K, 0% used [0x00000000e3700000,0x00000000e3700000,0x00000000e4880000)
  to   space 19968K, 0% used [0x00000000e2380000,0x00000000e2380000,0x00000000e3700000)
 ParOldGen       total 134144K, used 34665K [0x0000000080000000, 0x0000000088300000, 0x00000000d5580000)
  object space 134144K, 25% used [0x0000000080000000,0x00000000821da5f0,0x0000000088300000)
 Metaspace       used 56381K, capacity 58720K, committed 59028K, reserved 1099776K
  class space    used 7696K, capacity 8154K, committed 8192K, reserved 1048576K
}
Event: 19.588 GC heap before
{Heap before GC invocations=14 (full 3):
 PSYoungGen      total 228864K, used 210944K [0x00000000d5580000, 0x00000000e7900000, 0x0000000100000000)
  eden space 210944K, 100% used [0x00000000d5580000,0x00000000e2380000,0x00000000e2380000)
  from space 17920K, 0% used [0x00000000e3700000,0x00000000e3700000,0x00000000e4880000)
  to   space 19968K, 0% used [0x00000000e2380000,0x00000000e2380000,0x00000000e3700000)
 ParOldGen       total 134144K, used 34665K [0x0000000080000000, 0x0000000088300000, 0x00000000d5580000)
  object space 134144K, 25% used [0x0000000080000000,0x00000000821da5f0,0x0000000088300000)
 Metaspace       used 64183K, capacity 67462K, committed 67672K, reserved 1107968K
  class space    used 8872K, capacity 9487K, committed 9600K, reserved 1048576K
Event: 19.609 GC heap after
Heap after GC invocations=14 (full 3):
 PSYoungGen      total 230912K, used 17860K [0x00000000d5580000, 0x00000000e7680000, 0x0000000100000000)
  eden space 210944K, 0% used [0x00000000d5580000,0x00000000d5580000,0x00000000e2380000)
  from space 19968K, 89% used [0x00000000e2380000,0x00000000e34f1330,0x00000000e3700000)
  to   space 22016K, 0% used [0x00000000e6100000,0x00000000e6100000,0x00000000e7680000)
 ParOldGen       total 134144K, used 34673K [0x0000000080000000, 0x0000000088300000, 0x00000000d5580000)
  object space 134144K, 25% used [0x0000000080000000,0x00000000821dc5f0,0x0000000088300000)
 Metaspace       used 64183K, capacity 67462K, committed 67672K, reserved 1107968K
  class space    used 8872K, capacity 9487K, committed 9600K, reserved 1048576K
}
Event: 22.569 GC heap before
{Heap before GC invocations=15 (full 3):
 PSYoungGen      total 230912K, used 228804K [0x00000000d5580000, 0x00000000e7680000, 0x0000000100000000)
  eden space 210944K, 100% used [0x00000000d5580000,0x00000000e2380000,0x00000000e2380000)
  from space 19968K, 89% used [0x00000000e2380000,0x00000000e34f1330,0x00000000e3700000)
  to   space 22016K, 0% used [0x00000000e6100000,0x00000000e6100000,0x00000000e7680000)
 ParOldGen       total 134144K, used 34673K [0x0000000080000000, 0x0000000088300000, 0x00000000d5580000)
  object space 134144K, 25% used [0x0000000080000000,0x00000000821dc5f0,0x0000000088300000)
 Metaspace       used 71105K, capacity 74644K, committed 74968K, reserved 1114112K
  class space    used 9745K, capacity 10405K, committed 10496K, reserved 1048576K
Event: 22.601 GC heap after
Heap after GC invocations=15 (full 3):
 PSYoungGen      total 267776K, used 22013K [0x00000000d5580000, 0x00000000e8180000, 0x0000000100000000)
  eden space 245760K, 0% used [0x00000000d5580000,0x00000000d5580000,0x00000000e4580000)
  from space 22016K, 99% used [0x00000000e6100000,0x00000000e767f5c0,0x00000000e7680000)
  to   space 28160K, 0% used [0x00000000e4580000,0x00000000e4580000,0x00000000e6100000)
 ParOldGen       total 134144K, used 44729K [0x0000000080000000, 0x0000000088300000, 0x00000000d5580000)
  object space 134144K, 33% used [0x0000000080000000,0x0000000082bae530,0x0000000088300000)
 Metaspace       used 71105K, capacity 74644K, committed 74968K, reserved 1114112K
  class space    used 9745K, capacity 10405K, committed 10496K, reserved 1048576K
}
Event: 24.533 GC heap before
{Heap before GC invocations=16 (full 3):
 PSYoungGen      total 267776K, used 267773K [0x00000000d5580000, 0x00000000e8180000, 0x0000000100000000)
  eden space 245760K, 100% used [0x00000000d5580000,0x00000000e4580000,0x00000000e4580000)
  from space 22016K, 99% used [0x00000000e6100000,0x00000000e767f5c0,0x00000000e7680000)
  to   space 28160K, 0% used [0x00000000e4580000,0x00000000e4580000,0x00000000e6100000)
 ParOldGen       total 134144K, used 44729K [0x0000000080000000, 0x0000000088300000, 0x00000000d5580000)
  object space 134144K, 33% used [0x0000000080000000,0x0000000082bae530,0x0000000088300000)
 Metaspace       used 79440K, capacity 84026K, committed 84184K, reserved 1122304K
  class space    used 11074K, capacity 11930K, committed 12032K, reserved 1048576K
Event: 24.574 GC heap after
Heap after GC invocations=16 (full 3):
 PSYoungGen      total 273920K, used 28141K [0x00000000d5580000, 0x00000000e8180000, 0x0000000100000000)
  eden space 245760K, 0% used [0x00000000d5580000,0x00000000d5580000,0x00000000e4580000)
  from space 28160K, 99% used [0x00000000e4580000,0x00000000e60fb5f0,0x00000000e6100000)
  to   space 22016K, 0% used [0x00000000e6100000,0x00000000e6100000,0x00000000e7680000)
 ParOldGen       total 134144K, used 66568K [0x0000000080000000, 0x0000000088300000, 0x00000000d5580000)
  object space 134144K, 49% used [0x0000000080000000,0x00000000841023c8,0x0000000088300000)
 Metaspace       used 79440K, capacity 84026K, committed 84184K, reserved 1122304K
  class space    used 11074K, capacity 11930K, committed 12032K, reserved 1048576K
}

